<?xml version="1.0" encoding="UTF-8"?>
<testsuite name="com.epam.stringutils.Tests" tests="1" skipped="0" failures="0" errors="0" timestamp="2022-06-05T18:31:37" hostname="WILLSON" time="0.01">
  <properties/>
  <testcase name="isPositiveTest()" classname="com.epam.stringutils.Tests" time="0.01"/>
  <system-out><![CDATA[]]></system-out>
  <system-err><![CDATA[]]></system-err>
</testsuite>
